2024-08-28 09:50:12,587 [Worker-8: Loading available Gradle versions] INFO  o.e.b.c.i.u.g.PublishedGradleVersions - Gradle version information cache is up-to-date. Trying to read.
2024-08-28 09:57:30,501 [Worker-24: Enabling Maven Dependency Management] INFO  o.e.m.c.i.e.AbstractTransferListenerAdapter - Downloading https://repo.maven.apache.org/maven2/org/apache/maven/plugins/maven-compiler-plugin/3.8.1/maven-compiler-plugin-3.8.1.jar
2024-08-28 09:57:30,738 [Worker-24: Enabling Maven Dependency Management] INFO  o.e.m.c.i.e.AbstractTransferListenerAdapter - Downloaded https://repo.maven.apache.org/maven2/org/apache/maven/plugins/maven-compiler-plugin/3.8.1/maven-compiler-plugin-3.8.1.jar
2024-08-28 09:57:31,126 [Worker-24: Enabling Maven Dependency Management] INFO  o.e.m.c.i.e.AbstractTransferListenerAdapter - Downloading https://repo.maven.apache.org/maven2/org/apache/maven/plugins/maven-compiler-plugin/3.8.1/maven-compiler-plugin-3.8.1.pom
2024-08-28 09:57:31,265 [Worker-24: Enabling Maven Dependency Management] INFO  o.e.m.c.i.e.AbstractTransferListenerAdapter - Downloaded https://repo.maven.apache.org/maven2/org/apache/maven/plugins/maven-compiler-plugin/3.8.1/maven-compiler-plugin-3.8.1.pom
2024-08-28 09:57:31,618 [Worker-24: Enabling Maven Dependency Management] INFO  o.e.m.c.i.e.AbstractTransferListenerAdapter - Downloading https://repo.maven.apache.org/maven2/org/apache/maven/plugins/maven-plugins/33/maven-plugins-33.pom
2024-08-28 09:57:31,726 [Worker-24: Enabling Maven Dependency Management] INFO  o.e.m.c.i.e.AbstractTransferListenerAdapter - Downloaded https://repo.maven.apache.org/maven2/org/apache/maven/plugins/maven-plugins/33/maven-plugins-33.pom
2024-08-28 09:57:32,703 [Worker-24: Enabling Maven Dependency Management] INFO  o.e.m.c.i.l.LifecycleMappingFactory - Using org.eclipse.m2e.jdt.JarLifecycleMapping lifecycle mapping for MavenProject: DestinationHashGenerator:DestinationHashGenerator:0.0.1-SNAPSHOT @ C:\Users\Ujjwal\Desktop\DestinationHashGenerator\DestinationHashGenerator\pom.xml.
2024-08-28 09:57:34,083 [Worker-23: Building] WARN  o.a.m.s.f.DefaultMavenResourcesFiltering - Using platform encoding (Cp1252 actually) to copy filtered resources, i.e. build is platform dependent!
2024-08-28 09:57:34,085 [Worker-23: Building] INFO  o.a.m.s.f.DefaultMavenResourcesFiltering - skip non existing resourceDirectory C:\Users\Ujjwal\Desktop\DestinationHashGenerator\DestinationHashGenerator\src\main\resources
2024-08-28 09:57:34,094 [Worker-23: Building] WARN  o.a.m.s.f.DefaultMavenResourcesFiltering - Using platform encoding (Cp1252 actually) to copy filtered resources, i.e. build is platform dependent!
2024-08-28 09:57:34,095 [Worker-23: Building] INFO  o.a.m.s.f.DefaultMavenResourcesFiltering - skip non existing resourceDirectory C:\Users\Ujjwal\Desktop\DestinationHashGenerator\DestinationHashGenerator\src\test\resources
2024-08-28 09:57:34,940 [Worker-24: Enabling Maven Dependency Management] INFO  o.e.m.j.i.AbstractJavaProjectConfigurator - Adding source folder /DestinationHashGenerator/src
2024-08-28 09:57:34,944 [Worker-24: Enabling Maven Dependency Management] INFO  o.e.m.j.i.AbstractJavaProjectConfigurator - Resources folder /DestinationHashGenerator/src/main/resources overlaps with sources folder /DestinationHashGenerator/src
2024-08-28 09:57:34,947 [Worker-24: Enabling Maven Dependency Management] INFO  o.e.m.j.i.AbstractJavaProjectConfigurator - Not adding source folder /DestinationHashGenerator/src/test/java because it overlaps with /DestinationHashGenerator/src
2024-08-28 09:57:34,949 [Worker-24: Enabling Maven Dependency Management] INFO  o.e.m.j.i.AbstractJavaProjectConfigurator - Resources folder /DestinationHashGenerator/src/test/resources overlaps with sources folder /DestinationHashGenerator/src
2024-08-28 09:57:35,282 [Worker-24: Enabling Maven Dependency Management] INFO  o.e.m.c.i.p.ProjectConfigurationManager - Update started
2024-08-28 09:57:36,009 [Worker-24: Enabling Maven Dependency Management] INFO  o.e.m.c.i.l.LifecycleMappingFactory - Using org.eclipse.m2e.jdt.JarLifecycleMapping lifecycle mapping for MavenProject: DestinationHashGenerator:DestinationHashGenerator:0.0.1-SNAPSHOT @ C:\Users\Ujjwal\Desktop\DestinationHashGenerator\DestinationHashGenerator\pom.xml.
2024-08-28 09:57:36,349 [Worker-24: Enabling Maven Dependency Management] INFO  o.e.m.j.i.AbstractJavaProjectConfigurator - Adding source folder /DestinationHashGenerator/src
2024-08-28 09:57:36,350 [Worker-24: Enabling Maven Dependency Management] INFO  o.e.m.j.i.AbstractJavaProjectConfigurator - Resources folder /DestinationHashGenerator/src/main/resources overlaps with sources folder /DestinationHashGenerator/src
2024-08-28 09:57:36,352 [Worker-24: Enabling Maven Dependency Management] INFO  o.e.m.j.i.AbstractJavaProjectConfigurator - Not adding source folder /DestinationHashGenerator/src/test/java because it overlaps with /DestinationHashGenerator/src
2024-08-28 09:57:36,354 [Worker-24: Enabling Maven Dependency Management] INFO  o.e.m.j.i.AbstractJavaProjectConfigurator - Resources folder /DestinationHashGenerator/src/test/resources overlaps with sources folder /DestinationHashGenerator/src
2024-08-28 09:57:36,508 [Worker-24: Enabling Maven Dependency Management] INFO  o.e.m.c.i.p.ProjectConfigurationManager - Update completed for 1 poms: local refresh takes 0.00 sec, refresh facades takes 0.00 sec, update config takes 0.00 sec 
2024-08-28 09:57:36,731 [Worker-25: Building] WARN  o.a.m.s.f.DefaultMavenResourcesFiltering - Using platform encoding (Cp1252 actually) to copy filtered resources, i.e. build is platform dependent!
2024-08-28 09:57:36,738 [Worker-25: Building] INFO  o.a.m.s.f.DefaultMavenResourcesFiltering - skip non existing resourceDirectory C:\Users\Ujjwal\Desktop\DestinationHashGenerator\DestinationHashGenerator\src\main\resources
2024-08-28 09:57:36,745 [Worker-25: Building] WARN  o.a.m.s.f.DefaultMavenResourcesFiltering - Using platform encoding (Cp1252 actually) to copy filtered resources, i.e. build is platform dependent!
2024-08-28 09:57:36,746 [Worker-25: Building] INFO  o.a.m.s.f.DefaultMavenResourcesFiltering - skip non existing resourceDirectory C:\Users\Ujjwal\Desktop\DestinationHashGenerator\DestinationHashGenerator\src\test\resources
2024-08-28 10:01:46,537 [Worker-27: Building] WARN  o.a.m.s.f.DefaultMavenResourcesFiltering - Using platform encoding (Cp1252 actually) to copy filtered resources, i.e. build is platform dependent!
2024-08-28 10:01:46,539 [Worker-27: Building] INFO  o.a.m.s.f.DefaultMavenResourcesFiltering - skip non existing resourceDirectory C:\Users\Ujjwal\Desktop\DestinationHashGenerator\DestinationHashGenerator\src\main\resources
2024-08-28 10:01:46,543 [Worker-27: Building] WARN  o.a.m.s.f.DefaultMavenResourcesFiltering - Using platform encoding (Cp1252 actually) to copy filtered resources, i.e. build is platform dependent!
2024-08-28 10:01:46,544 [Worker-27: Building] INFO  o.a.m.s.f.DefaultMavenResourcesFiltering - skip non existing resourceDirectory C:\Users\Ujjwal\Desktop\DestinationHashGenerator\DestinationHashGenerator\src\test\resources
2024-08-28 10:02:57,033 [Worker-10: Building] WARN  o.a.m.s.f.DefaultMavenResourcesFiltering - Using platform encoding (Cp1252 actually) to copy filtered resources, i.e. build is platform dependent!
2024-08-28 10:02:57,034 [Worker-10: Building] INFO  o.a.m.s.f.DefaultMavenResourcesFiltering - skip non existing resourceDirectory C:\Users\Ujjwal\Desktop\DestinationHashGenerator\DestinationHashGenerator\src\main\resources
2024-08-28 10:02:57,038 [Worker-10: Building] WARN  o.a.m.s.f.DefaultMavenResourcesFiltering - Using platform encoding (Cp1252 actually) to copy filtered resources, i.e. build is platform dependent!
2024-08-28 10:02:57,039 [Worker-10: Building] INFO  o.a.m.s.f.DefaultMavenResourcesFiltering - skip non existing resourceDirectory C:\Users\Ujjwal\Desktop\DestinationHashGenerator\DestinationHashGenerator\src\test\resources
2024-08-28 10:03:19,692 [Worker-22: Building] WARN  o.a.m.s.f.DefaultMavenResourcesFiltering - Using platform encoding (Cp1252 actually) to copy filtered resources, i.e. build is platform dependent!
2024-08-28 10:03:19,693 [Worker-22: Building] INFO  o.a.m.s.f.DefaultMavenResourcesFiltering - skip non existing resourceDirectory C:\Users\Ujjwal\Desktop\DestinationHashGenerator\DestinationHashGenerator\src\main\resources
2024-08-28 10:03:19,699 [Worker-22: Building] WARN  o.a.m.s.f.DefaultMavenResourcesFiltering - Using platform encoding (Cp1252 actually) to copy filtered resources, i.e. build is platform dependent!
2024-08-28 10:03:19,701 [Worker-22: Building] INFO  o.a.m.s.f.DefaultMavenResourcesFiltering - skip non existing resourceDirectory C:\Users\Ujjwal\Desktop\DestinationHashGenerator\DestinationHashGenerator\src\test\resources
2024-08-28 10:14:06,356 [Worker-27: Building] INFO  o.e.m.c.i.l.LifecycleMappingFactory - Using org.eclipse.m2e.jdt.JarLifecycleMapping lifecycle mapping for MavenProject: DestinationHashGenerator:DestinationHashGenerator:0.0.1-SNAPSHOT @ C:\Users\Ujjwal\Desktop\DestinationHashGenerator\DestinationHashGenerator\pom.xml.
2024-08-28 10:14:07,462 [Worker-27: Building] INFO  o.e.m.c.i.e.AbstractTransferListenerAdapter - Downloading https://repo.maven.apache.org/maven2/org/json/json/20210307/json-20210307.pom
2024-08-28 10:14:07,574 [Worker-27: Building] INFO  o.e.m.c.i.e.AbstractTransferListenerAdapter - Downloaded https://repo.maven.apache.org/maven2/org/json/json/20210307/json-20210307.pom
2024-08-28 10:14:07,877 [Worker-27: Building] INFO  o.e.m.c.i.e.AbstractTransferListenerAdapter - Downloading https://repo.maven.apache.org/maven2/org/json/json/20210307/json-20210307.jar
2024-08-28 10:14:08,152 [Worker-27: Building] INFO  o.e.m.c.i.e.AbstractTransferListenerAdapter - Downloaded https://repo.maven.apache.org/maven2/org/json/json/20210307/json-20210307.jar
2024-08-28 10:14:08,345 [Worker-27: Building] WARN  o.a.m.s.f.DefaultMavenResourcesFiltering - Using platform encoding (Cp1252 actually) to copy filtered resources, i.e. build is platform dependent!
2024-08-28 10:14:08,346 [Worker-27: Building] INFO  o.a.m.s.f.DefaultMavenResourcesFiltering - skip non existing resourceDirectory C:\Users\Ujjwal\Desktop\DestinationHashGenerator\DestinationHashGenerator\src\main\resources
2024-08-28 10:14:08,353 [Worker-27: Building] WARN  o.a.m.s.f.DefaultMavenResourcesFiltering - Using platform encoding (Cp1252 actually) to copy filtered resources, i.e. build is platform dependent!
2024-08-28 10:14:08,354 [Worker-27: Building] INFO  o.a.m.s.f.DefaultMavenResourcesFiltering - skip non existing resourceDirectory C:\Users\Ujjwal\Desktop\DestinationHashGenerator\DestinationHashGenerator\src\test\resources
2024-08-28 10:14:09,820 [Worker-30: Building] WARN  o.a.m.s.f.DefaultMavenResourcesFiltering - Using platform encoding (Cp1252 actually) to copy filtered resources, i.e. build is platform dependent!
2024-08-28 10:14:09,821 [Worker-30: Building] INFO  o.a.m.s.f.DefaultMavenResourcesFiltering - skip non existing resourceDirectory C:\Users\Ujjwal\Desktop\DestinationHashGenerator\DestinationHashGenerator\src\main\resources
2024-08-28 10:14:09,824 [Worker-30: Building] WARN  o.a.m.s.f.DefaultMavenResourcesFiltering - Using platform encoding (Cp1252 actually) to copy filtered resources, i.e. build is platform dependent!
2024-08-28 10:14:09,825 [Worker-30: Building] INFO  o.a.m.s.f.DefaultMavenResourcesFiltering - skip non existing resourceDirectory C:\Users\Ujjwal\Desktop\DestinationHashGenerator\DestinationHashGenerator\src\test\resources
2024-08-28 10:14:10,158 [Worker-32: Download sources and javadoc] INFO  o.e.m.c.i.e.AbstractTransferListenerAdapter - Downloading https://repo.maven.apache.org/maven2/org/json/json/20210307/json-20210307-sources.jar
2024-08-28 10:14:10,531 [Worker-32: Download sources and javadoc] INFO  o.e.m.c.i.e.AbstractTransferListenerAdapter - Downloaded https://repo.maven.apache.org/maven2/org/json/json/20210307/json-20210307-sources.jar
2024-08-28 10:14:10,535 [Worker-32: Download sources and javadoc] INFO  o.e.m.j.internal.DownloadSourcesJob - Downloaded sources for org.json:json:20210307
2024-08-28 10:15:35,911 [Worker-32: Building] INFO  o.e.m.c.i.l.LifecycleMappingFactory - Using org.eclipse.m2e.jdt.JarLifecycleMapping lifecycle mapping for MavenProject: DestinationHashGenerator:DestinationHashGenerator:0.0.1-SNAPSHOT @ C:\Users\Ujjwal\Desktop\DestinationHashGenerator\DestinationHashGenerator\pom.xml.
2024-08-28 10:15:36,827 [Worker-32: Building] INFO  o.e.m.c.i.e.AbstractTransferListenerAdapter - Downloading https://repo.maven.apache.org/maven2/org/json/json/20240303/json-20240303.pom
2024-08-28 10:15:36,964 [Worker-32: Building] INFO  o.e.m.c.i.e.AbstractTransferListenerAdapter - Downloaded https://repo.maven.apache.org/maven2/org/json/json/20240303/json-20240303.pom
2024-08-28 10:15:37,306 [Worker-32: Building] INFO  o.e.m.c.i.e.AbstractTransferListenerAdapter - Downloading https://repo.maven.apache.org/maven2/org/json/json/20240303/json-20240303.jar
2024-08-28 10:15:37,574 [Worker-32: Building] INFO  o.e.m.c.i.e.AbstractTransferListenerAdapter - Downloaded https://repo.maven.apache.org/maven2/org/json/json/20240303/json-20240303.jar
2024-08-28 10:15:37,757 [Worker-32: Building] WARN  o.a.m.s.f.DefaultMavenResourcesFiltering - Using platform encoding (Cp1252 actually) to copy filtered resources, i.e. build is platform dependent!
2024-08-28 10:15:37,759 [Worker-32: Building] INFO  o.a.m.s.f.DefaultMavenResourcesFiltering - skip non existing resourceDirectory C:\Users\Ujjwal\Desktop\DestinationHashGenerator\DestinationHashGenerator\src\main\resources
2024-08-28 10:15:37,764 [Worker-32: Building] WARN  o.a.m.s.f.DefaultMavenResourcesFiltering - Using platform encoding (Cp1252 actually) to copy filtered resources, i.e. build is platform dependent!
2024-08-28 10:15:37,765 [Worker-32: Building] INFO  o.a.m.s.f.DefaultMavenResourcesFiltering - skip non existing resourceDirectory C:\Users\Ujjwal\Desktop\DestinationHashGenerator\DestinationHashGenerator\src\test\resources
2024-08-28 10:15:39,223 [Worker-33: Building] WARN  o.a.m.s.f.DefaultMavenResourcesFiltering - Using platform encoding (Cp1252 actually) to copy filtered resources, i.e. build is platform dependent!
2024-08-28 10:15:39,226 [Worker-33: Building] INFO  o.a.m.s.f.DefaultMavenResourcesFiltering - skip non existing resourceDirectory C:\Users\Ujjwal\Desktop\DestinationHashGenerator\DestinationHashGenerator\src\main\resources
2024-08-28 10:15:39,236 [Worker-33: Building] WARN  o.a.m.s.f.DefaultMavenResourcesFiltering - Using platform encoding (Cp1252 actually) to copy filtered resources, i.e. build is platform dependent!
2024-08-28 10:15:39,239 [Worker-33: Building] INFO  o.a.m.s.f.DefaultMavenResourcesFiltering - skip non existing resourceDirectory C:\Users\Ujjwal\Desktop\DestinationHashGenerator\DestinationHashGenerator\src\test\resources
2024-08-28 10:15:39,552 [Worker-32: Download sources and javadoc] INFO  o.e.m.c.i.e.AbstractTransferListenerAdapter - Downloading https://repo.maven.apache.org/maven2/org/json/json/20240303/json-20240303-sources.jar
2024-08-28 10:15:39,994 [Worker-32: Download sources and javadoc] INFO  o.e.m.c.i.e.AbstractTransferListenerAdapter - Downloaded https://repo.maven.apache.org/maven2/org/json/json/20240303/json-20240303-sources.jar
2024-08-28 10:15:40,008 [Worker-32: Download sources and javadoc] INFO  o.e.m.j.internal.DownloadSourcesJob - Downloaded sources for org.json:json:20240303
2024-08-28 10:16:08,165 [Worker-31: Building] WARN  o.a.m.s.f.DefaultMavenResourcesFiltering - Using platform encoding (Cp1252 actually) to copy filtered resources, i.e. build is platform dependent!
2024-08-28 10:16:08,167 [Worker-31: Building] INFO  o.a.m.s.f.DefaultMavenResourcesFiltering - skip non existing resourceDirectory C:\Users\Ujjwal\Desktop\DestinationHashGenerator\DestinationHashGenerator\src\main\resources
2024-08-28 10:16:08,169 [Worker-31: Building] WARN  o.a.m.s.f.DefaultMavenResourcesFiltering - Using platform encoding (Cp1252 actually) to copy filtered resources, i.e. build is platform dependent!
2024-08-28 10:16:08,172 [Worker-31: Building] INFO  o.a.m.s.f.DefaultMavenResourcesFiltering - skip non existing resourceDirectory C:\Users\Ujjwal\Desktop\DestinationHashGenerator\DestinationHashGenerator\src\test\resources
2024-08-28 10:16:49,583 [Worker-30: Building] WARN  o.a.m.s.f.DefaultMavenResourcesFiltering - Using platform encoding (Cp1252 actually) to copy filtered resources, i.e. build is platform dependent!
2024-08-28 10:16:49,585 [Worker-30: Building] INFO  o.a.m.s.f.DefaultMavenResourcesFiltering - skip non existing resourceDirectory C:\Users\Ujjwal\Desktop\DestinationHashGenerator\DestinationHashGenerator\src\main\resources
2024-08-28 10:16:49,589 [Worker-30: Building] WARN  o.a.m.s.f.DefaultMavenResourcesFiltering - Using platform encoding (Cp1252 actually) to copy filtered resources, i.e. build is platform dependent!
2024-08-28 10:16:49,590 [Worker-30: Building] INFO  o.a.m.s.f.DefaultMavenResourcesFiltering - skip non existing resourceDirectory C:\Users\Ujjwal\Desktop\DestinationHashGenerator\DestinationHashGenerator\src\test\resources
2024-08-28 10:17:41,209 [Worker-33: Building] WARN  o.a.m.s.f.DefaultMavenResourcesFiltering - Using platform encoding (Cp1252 actually) to copy filtered resources, i.e. build is platform dependent!
2024-08-28 10:17:41,211 [Worker-33: Building] INFO  o.a.m.s.f.DefaultMavenResourcesFiltering - skip non existing resourceDirectory C:\Users\Ujjwal\Desktop\DestinationHashGenerator\DestinationHashGenerator\src\main\resources
2024-08-28 10:17:41,215 [Worker-33: Building] WARN  o.a.m.s.f.DefaultMavenResourcesFiltering - Using platform encoding (Cp1252 actually) to copy filtered resources, i.e. build is platform dependent!
2024-08-28 10:17:41,217 [Worker-33: Building] INFO  o.a.m.s.f.DefaultMavenResourcesFiltering - skip non existing resourceDirectory C:\Users\Ujjwal\Desktop\DestinationHashGenerator\DestinationHashGenerator\src\test\resources
2024-08-28 10:20:18,107 [Worker-30: Building] WARN  o.a.m.s.f.DefaultMavenResourcesFiltering - Using platform encoding (Cp1252 actually) to copy filtered resources, i.e. build is platform dependent!
2024-08-28 10:20:18,108 [Worker-30: Building] INFO  o.a.m.s.f.DefaultMavenResourcesFiltering - skip non existing resourceDirectory C:\Users\Ujjwal\Desktop\DestinationHashGenerator\DestinationHashGenerator\src\main\resources
2024-08-28 10:20:18,110 [Worker-30: Building] WARN  o.a.m.s.f.DefaultMavenResourcesFiltering - Using platform encoding (Cp1252 actually) to copy filtered resources, i.e. build is platform dependent!
2024-08-28 10:20:18,111 [Worker-30: Building] INFO  o.a.m.s.f.DefaultMavenResourcesFiltering - skip non existing resourceDirectory C:\Users\Ujjwal\Desktop\DestinationHashGenerator\DestinationHashGenerator\src\test\resources
2024-08-28 10:22:38,193 [Worker-27: Building] WARN  o.a.m.s.f.DefaultMavenResourcesFiltering - Using platform encoding (Cp1252 actually) to copy filtered resources, i.e. build is platform dependent!
2024-08-28 10:22:38,196 [Worker-27: Building] INFO  o.a.m.s.f.DefaultMavenResourcesFiltering - skip non existing resourceDirectory C:\Users\Ujjwal\Desktop\DestinationHashGenerator\DestinationHashGenerator\src\main\resources
2024-08-28 10:22:38,198 [Worker-27: Building] WARN  o.a.m.s.f.DefaultMavenResourcesFiltering - Using platform encoding (Cp1252 actually) to copy filtered resources, i.e. build is platform dependent!
2024-08-28 10:22:38,199 [Worker-27: Building] INFO  o.a.m.s.f.DefaultMavenResourcesFiltering - skip non existing resourceDirectory C:\Users\Ujjwal\Desktop\DestinationHashGenerator\DestinationHashGenerator\src\test\resources
2024-08-28 10:44:31,962 [Worker-41: Building] INFO  o.e.m.c.i.e.AbstractTransferListenerAdapter - Downloading https://repo.maven.apache.org/maven2/org/apache/maven/plugins/maven-jar-plugin/3.1.0/maven-jar-plugin-3.1.0.jar
2024-08-28 10:44:32,402 [Worker-41: Building] INFO  o.e.m.c.i.e.AbstractTransferListenerAdapter - Downloaded https://repo.maven.apache.org/maven2/org/apache/maven/plugins/maven-jar-plugin/3.1.0/maven-jar-plugin-3.1.0.jar
2024-08-28 10:44:32,824 [Worker-41: Building] INFO  o.e.m.c.i.l.LifecycleMappingFactory - Using org.eclipse.m2e.jdt.JarLifecycleMapping lifecycle mapping for MavenProject: DestinationHashGenerator:DestinationHashGenerator:0.0.1-SNAPSHOT @ C:\Users\Ujjwal\Desktop\DestinationHashGenerator\DestinationHashGenerator\pom.xml.
2024-08-28 10:44:33,168 [Worker-41: Building] INFO  o.e.m.c.i.e.AbstractTransferListenerAdapter - Downloading https://repo.maven.apache.org/maven2/org/apache/maven/plugins/maven-jar-plugin/3.1.0/maven-jar-plugin-3.1.0.pom
2024-08-28 10:44:33,267 [Worker-41: Building] INFO  o.e.m.c.i.e.AbstractTransferListenerAdapter - Downloaded https://repo.maven.apache.org/maven2/org/apache/maven/plugins/maven-jar-plugin/3.1.0/maven-jar-plugin-3.1.0.pom
2024-08-28 10:44:33,403 [Worker-41: Building] WARN  o.a.m.s.f.DefaultMavenResourcesFiltering - Using platform encoding (Cp1252 actually) to copy filtered resources, i.e. build is platform dependent!
2024-08-28 10:44:33,404 [Worker-41: Building] INFO  o.a.m.s.f.DefaultMavenResourcesFiltering - skip non existing resourceDirectory C:\Users\Ujjwal\Desktop\DestinationHashGenerator\DestinationHashGenerator\src\main\resources
2024-08-28 10:44:33,407 [Worker-41: Building] WARN  o.a.m.s.f.DefaultMavenResourcesFiltering - Using platform encoding (Cp1252 actually) to copy filtered resources, i.e. build is platform dependent!
2024-08-28 10:44:33,408 [Worker-41: Building] INFO  o.a.m.s.f.DefaultMavenResourcesFiltering - skip non existing resourceDirectory C:\Users\Ujjwal\Desktop\DestinationHashGenerator\DestinationHashGenerator\src\test\resources
2024-08-28 10:44:33,849 [Worker-41: Building] INFO  o.e.m.c.i.e.AbstractTransferListenerAdapter - Downloading https://repo.maven.apache.org/maven2/org/codehaus/plexus/plexus-archiver/3.5/plexus-archiver-3.5.jar
2024-08-28 10:44:34,507 [Worker-41: Building] INFO  o.e.m.c.i.e.AbstractTransferListenerAdapter - Downloaded https://repo.maven.apache.org/maven2/org/codehaus/plexus/plexus-archiver/3.5/plexus-archiver-3.5.jar
2024-08-28 10:44:34,805 [BasicRepositoryConnector-repo.maven.apache.org-0-1] INFO  o.e.m.c.i.e.AbstractTransferListenerAdapter - Downloading https://repo.maven.apache.org/maven2/org/apache/commons/commons-compress/1.14/commons-compress-1.14.jar
2024-08-28 10:44:36,452 [BasicRepositoryConnector-repo.maven.apache.org-0-2] INFO  o.e.m.c.i.e.AbstractTransferListenerAdapter - Downloading https://repo.maven.apache.org/maven2/org/tukaani/xz/1.6/xz-1.6.jar
2024-08-28 10:44:36,475 [BasicRepositoryConnector-repo.maven.apache.org-0-1] INFO  o.e.m.c.i.e.AbstractTransferListenerAdapter - Downloaded https://repo.maven.apache.org/maven2/org/apache/commons/commons-compress/1.14/commons-compress-1.14.jar
2024-08-28 10:44:36,623 [BasicRepositoryConnector-repo.maven.apache.org-0-0] INFO  o.e.m.c.i.e.AbstractTransferListenerAdapter - Downloading https://repo.maven.apache.org/maven2/org/codehaus/plexus/plexus-io/3.0.0/plexus-io-3.0.0.jar
2024-08-28 10:44:36,917 [BasicRepositoryConnector-repo.maven.apache.org-0-0] INFO  o.e.m.c.i.e.AbstractTransferListenerAdapter - Downloaded https://repo.maven.apache.org/maven2/org/codehaus/plexus/plexus-io/3.0.0/plexus-io-3.0.0.jar
2024-08-28 10:44:36,987 [BasicRepositoryConnector-repo.maven.apache.org-0-2] INFO  o.e.m.c.i.e.AbstractTransferListenerAdapter - Downloaded https://repo.maven.apache.org/maven2/org/tukaani/xz/1.6/xz-1.6.jar
2024-08-28 10:44:37,147 [Worker-42: Updating Maven Project] INFO  o.e.m.c.i.p.ProjectConfigurationManager - Update started
2024-08-28 10:44:37,488 [Worker-42: Updating Maven Project] INFO  o.e.m.c.i.l.LifecycleMappingFactory - Using org.eclipse.m2e.jdt.JarLifecycleMapping lifecycle mapping for MavenProject: DestinationHashGenerator:DestinationHashGenerator:0.0.1-SNAPSHOT @ C:\Users\Ujjwal\Desktop\DestinationHashGenerator\DestinationHashGenerator\pom.xml.
2024-08-28 10:44:37,656 [Worker-42: Updating Maven Project] INFO  o.e.m.j.i.AbstractJavaProjectConfigurator - Adding source folder /DestinationHashGenerator/src
2024-08-28 10:44:37,658 [Worker-42: Updating Maven Project] INFO  o.e.m.j.i.AbstractJavaProjectConfigurator - Resources folder /DestinationHashGenerator/src/main/resources overlaps with sources folder /DestinationHashGenerator/src
2024-08-28 10:44:37,659 [Worker-42: Updating Maven Project] INFO  o.e.m.j.i.AbstractJavaProjectConfigurator - Not adding source folder /DestinationHashGenerator/src/test/java because it overlaps with /DestinationHashGenerator/src
2024-08-28 10:44:37,660 [Worker-42: Updating Maven Project] INFO  o.e.m.j.i.AbstractJavaProjectConfigurator - Resources folder /DestinationHashGenerator/src/test/resources overlaps with sources folder /DestinationHashGenerator/src
2024-08-28 10:44:37,775 [Worker-42: Updating Maven Project] INFO  o.e.m.c.i.p.ProjectConfigurationManager - Update completed for 1 poms: local refresh takes 0.00 sec, refresh facades takes 0.00 sec, update config takes 0.00 sec 
2024-08-28 10:44:38,232 [Worker-43: Building] WARN  o.a.m.s.f.DefaultMavenResourcesFiltering - Using platform encoding (Cp1252 actually) to copy filtered resources, i.e. build is platform dependent!
2024-08-28 10:44:38,233 [Worker-43: Building] INFO  o.a.m.s.f.DefaultMavenResourcesFiltering - skip non existing resourceDirectory C:\Users\Ujjwal\Desktop\DestinationHashGenerator\DestinationHashGenerator\src\main\resources
2024-08-28 10:44:38,236 [Worker-43: Building] WARN  o.a.m.s.f.DefaultMavenResourcesFiltering - Using platform encoding (Cp1252 actually) to copy filtered resources, i.e. build is platform dependent!
2024-08-28 10:44:38,237 [Worker-43: Building] INFO  o.a.m.s.f.DefaultMavenResourcesFiltering - skip non existing resourceDirectory C:\Users\Ujjwal\Desktop\DestinationHashGenerator\DestinationHashGenerator\src\test\resources
2024-08-28 10:45:18,329 [Worker-38: Building] INFO  o.e.m.c.i.l.LifecycleMappingFactory - Using org.eclipse.m2e.jdt.JarLifecycleMapping lifecycle mapping for MavenProject: DestinationHashGenerator:DestinationHashGenerator:0.0.1-SNAPSHOT @ C:\Users\Ujjwal\Desktop\DestinationHashGenerator\DestinationHashGenerator\pom.xml.
2024-08-28 10:45:18,502 [Worker-38: Building] WARN  o.a.m.s.f.DefaultMavenResourcesFiltering - Using platform encoding (Cp1252 actually) to copy filtered resources, i.e. build is platform dependent!
2024-08-28 10:45:18,504 [Worker-38: Building] INFO  o.a.m.s.f.DefaultMavenResourcesFiltering - skip non existing resourceDirectory C:\Users\Ujjwal\Desktop\DestinationHashGenerator\DestinationHashGenerator\src\main\resources
2024-08-28 10:45:18,508 [Worker-38: Building] WARN  o.a.m.s.f.DefaultMavenResourcesFiltering - Using platform encoding (Cp1252 actually) to copy filtered resources, i.e. build is platform dependent!
2024-08-28 10:45:18,508 [Worker-38: Building] INFO  o.a.m.s.f.DefaultMavenResourcesFiltering - skip non existing resourceDirectory C:\Users\Ujjwal\Desktop\DestinationHashGenerator\DestinationHashGenerator\src\test\resources
2024-08-28 10:45:18,767 [Worker-36: Updating Maven Project] INFO  o.e.m.c.i.p.ProjectConfigurationManager - Update started
2024-08-28 10:45:19,100 [Worker-36: Updating Maven Project] INFO  o.e.m.c.i.l.LifecycleMappingFactory - Using org.eclipse.m2e.jdt.JarLifecycleMapping lifecycle mapping for MavenProject: DestinationHashGenerator:DestinationHashGenerator:0.0.1-SNAPSHOT @ C:\Users\Ujjwal\Desktop\DestinationHashGenerator\DestinationHashGenerator\pom.xml.
2024-08-28 10:45:19,205 [Worker-36: Updating Maven Project] INFO  o.e.m.j.i.AbstractJavaProjectConfigurator - Adding source folder /DestinationHashGenerator/src
2024-08-28 10:45:19,206 [Worker-36: Updating Maven Project] INFO  o.e.m.j.i.AbstractJavaProjectConfigurator - Resources folder /DestinationHashGenerator/src/main/resources overlaps with sources folder /DestinationHashGenerator/src
2024-08-28 10:45:19,207 [Worker-36: Updating Maven Project] INFO  o.e.m.j.i.AbstractJavaProjectConfigurator - Not adding source folder /DestinationHashGenerator/src/test/java because it overlaps with /DestinationHashGenerator/src
2024-08-28 10:45:19,208 [Worker-36: Updating Maven Project] INFO  o.e.m.j.i.AbstractJavaProjectConfigurator - Resources folder /DestinationHashGenerator/src/test/resources overlaps with sources folder /DestinationHashGenerator/src
2024-08-28 10:45:19,266 [Worker-36: Updating Maven Project] INFO  o.e.m.c.i.p.ProjectConfigurationManager - Update completed for 1 poms: local refresh takes 0.00 sec, refresh facades takes 0.00 sec, update config takes 0.00 sec 
2024-08-28 10:45:19,836 [Worker-42: Building] WARN  o.a.m.s.f.DefaultMavenResourcesFiltering - Using platform encoding (Cp1252 actually) to copy filtered resources, i.e. build is platform dependent!
2024-08-28 10:45:19,837 [Worker-42: Building] INFO  o.a.m.s.f.DefaultMavenResourcesFiltering - skip non existing resourceDirectory C:\Users\Ujjwal\Desktop\DestinationHashGenerator\DestinationHashGenerator\src\main\resources
2024-08-28 10:45:19,840 [Worker-42: Building] WARN  o.a.m.s.f.DefaultMavenResourcesFiltering - Using platform encoding (Cp1252 actually) to copy filtered resources, i.e. build is platform dependent!
2024-08-28 10:45:19,841 [Worker-42: Building] INFO  o.a.m.s.f.DefaultMavenResourcesFiltering - skip non existing resourceDirectory C:\Users\Ujjwal\Desktop\DestinationHashGenerator\DestinationHashGenerator\src\test\resources
2024-08-28 10:46:01,219 [Worker-42: Launching Executing clean in C__Users_Ujjwal_Desktop_DestinationHashGenerator_DestinationHashGenerator] INFO  o.eclipse.m2e.core.internal.Bundles - getClasspathEntries(Bundle=org.eclipse.m2e.maven.runtime_3.9.600.20231203-1234 [638])
2024-08-28 10:46:01,222 [Worker-42: Launching Executing clean in C__Users_Ujjwal_Desktop_DestinationHashGenerator_DestinationHashGenerator] INFO  o.eclipse.m2e.core.internal.Bundles - 	Entry: D:\KnowIt\Cdac\Java\eclipse-jee-2024-03-R-win32-x86_64\eclipse\plugins\org.eclipse.m2e.maven.runtime_3.9.600.20231203-1234
2024-08-28 10:46:01,222 [Worker-42: Launching Executing clean in C__Users_Ujjwal_Desktop_DestinationHashGenerator_DestinationHashGenerator] INFO  o.eclipse.m2e.core.internal.Bundles - 	Entry: D:\KnowIt\Cdac\Java\eclipse-jee-2024-03-R-win32-x86_64\eclipse\plugins\org.eclipse.m2e.maven.runtime_3.9.600.20231203-1234\jars\aopalliance-1.0.jar
2024-08-28 10:46:01,223 [Worker-42: Launching Executing clean in C__Users_Ujjwal_Desktop_DestinationHashGenerator_DestinationHashGenerator] INFO  o.eclipse.m2e.core.internal.Bundles - 	Entry: D:\KnowIt\Cdac\Java\eclipse-jee-2024-03-R-win32-x86_64\eclipse\plugins\org.eclipse.m2e.maven.runtime_3.9.600.20231203-1234\jars\guice-5.1.0.jar
2024-08-28 10:46:01,223 [Worker-42: Launching Executing clean in C__Users_Ujjwal_Desktop_DestinationHashGenerator_DestinationHashGenerator] INFO  o.eclipse.m2e.core.internal.Bundles - 	Entry: D:\KnowIt\Cdac\Java\eclipse-jee-2024-03-R-win32-x86_64\eclipse\plugins\org.eclipse.m2e.maven.runtime_3.9.600.20231203-1234\jars\httpclient-4.5.14.jar
2024-08-28 10:46:01,223 [Worker-42: Launching Executing clean in C__Users_Ujjwal_Desktop_DestinationHashGenerator_DestinationHashGenerator] INFO  o.eclipse.m2e.core.internal.Bundles - 	Entry: D:\KnowIt\Cdac\Java\eclipse-jee-2024-03-R-win32-x86_64\eclipse\plugins\org.eclipse.m2e.maven.runtime_3.9.600.20231203-1234\jars\httpcore-4.4.16.jar
2024-08-28 10:46:01,223 [Worker-42: Launching Executing clean in C__Users_Ujjwal_Desktop_DestinationHashGenerator_DestinationHashGenerator] INFO  o.eclipse.m2e.core.internal.Bundles - 	Entry: D:\KnowIt\Cdac\Java\eclipse-jee-2024-03-R-win32-x86_64\eclipse\plugins\org.eclipse.m2e.maven.runtime_3.9.600.20231203-1234\jars\jansi-2.4.0.jar
2024-08-28 10:46:01,223 [Worker-42: Launching Executing clean in C__Users_Ujjwal_Desktop_DestinationHashGenerator_DestinationHashGenerator] INFO  o.eclipse.m2e.core.internal.Bundles - 	Entry: D:\KnowIt\Cdac\Java\eclipse-jee-2024-03-R-win32-x86_64\eclipse\plugins\org.eclipse.m2e.maven.runtime_3.9.600.20231203-1234\jars\jcl-over-slf4j-1.7.36.jar
2024-08-28 10:46:01,223 [Worker-42: Launching Executing clean in C__Users_Ujjwal_Desktop_DestinationHashGenerator_DestinationHashGenerator] INFO  o.eclipse.m2e.core.internal.Bundles - 	Entry: D:\KnowIt\Cdac\Java\eclipse-jee-2024-03-R-win32-x86_64\eclipse\plugins\org.eclipse.m2e.maven.runtime_3.9.600.20231203-1234\jars\maven-artifact-3.9.6.jar
2024-08-28 10:46:01,223 [Worker-42: Launching Executing clean in C__Users_Ujjwal_Desktop_DestinationHashGenerator_DestinationHashGenerator] INFO  o.eclipse.m2e.core.internal.Bundles - 	Entry: D:\KnowIt\Cdac\Java\eclipse-jee-2024-03-R-win32-x86_64\eclipse\plugins\org.eclipse.m2e.maven.runtime_3.9.600.20231203-1234\jars\maven-builder-support-3.9.6.jar
2024-08-28 10:46:01,223 [Worker-42: Launching Executing clean in C__Users_Ujjwal_Desktop_DestinationHashGenerator_DestinationHashGenerator] INFO  o.eclipse.m2e.core.internal.Bundles - 	Entry: D:\KnowIt\Cdac\Java\eclipse-jee-2024-03-R-win32-x86_64\eclipse\plugins\org.eclipse.m2e.maven.runtime_3.9.600.20231203-1234\jars\maven-compat-3.9.6.jar
2024-08-28 10:46:01,223 [Worker-42: Launching Executing clean in C__Users_Ujjwal_Desktop_DestinationHashGenerator_DestinationHashGenerator] INFO  o.eclipse.m2e.core.internal.Bundles - 	Entry: D:\KnowIt\Cdac\Java\eclipse-jee-2024-03-R-win32-x86_64\eclipse\plugins\org.eclipse.m2e.maven.runtime_3.9.600.20231203-1234\jars\maven-core-3.9.6.jar
2024-08-28 10:46:01,223 [Worker-42: Launching Executing clean in C__Users_Ujjwal_Desktop_DestinationHashGenerator_DestinationHashGenerator] INFO  o.eclipse.m2e.core.internal.Bundles - 	Entry: D:\KnowIt\Cdac\Java\eclipse-jee-2024-03-R-win32-x86_64\eclipse\plugins\org.eclipse.m2e.maven.runtime_3.9.600.20231203-1234\jars\maven-embedder-3.9.6.jar
2024-08-28 10:46:01,224 [Worker-42: Launching Executing clean in C__Users_Ujjwal_Desktop_DestinationHashGenerator_DestinationHashGenerator] INFO  o.eclipse.m2e.core.internal.Bundles - 	Entry: D:\KnowIt\Cdac\Java\eclipse-jee-2024-03-R-win32-x86_64\eclipse\plugins\org.eclipse.m2e.maven.runtime_3.9.600.20231203-1234\jars\maven-model-3.9.6.jar
2024-08-28 10:46:01,224 [Worker-42: Launching Executing clean in C__Users_Ujjwal_Desktop_DestinationHashGenerator_DestinationHashGenerator] INFO  o.eclipse.m2e.core.internal.Bundles - 	Entry: D:\KnowIt\Cdac\Java\eclipse-jee-2024-03-R-win32-x86_64\eclipse\plugins\org.eclipse.m2e.maven.runtime_3.9.600.20231203-1234\jars\maven-model-builder-3.9.6.jar
2024-08-28 10:46:01,224 [Worker-42: Launching Executing clean in C__Users_Ujjwal_Desktop_DestinationHashGenerator_DestinationHashGenerator] INFO  o.eclipse.m2e.core.internal.Bundles - 	Entry: D:\KnowIt\Cdac\Java\eclipse-jee-2024-03-R-win32-x86_64\eclipse\plugins\org.eclipse.m2e.maven.runtime_3.9.600.20231203-1234\jars\maven-plugin-api-3.9.6.jar
2024-08-28 10:46:01,224 [Worker-42: Launching Executing clean in C__Users_Ujjwal_Desktop_DestinationHashGenerator_DestinationHashGenerator] INFO  o.eclipse.m2e.core.internal.Bundles - 	Entry: D:\KnowIt\Cdac\Java\eclipse-jee-2024-03-R-win32-x86_64\eclipse\plugins\org.eclipse.m2e.maven.runtime_3.9.600.20231203-1234\jars\maven-repository-metadata-3.9.6.jar
2024-08-28 10:46:01,224 [Worker-42: Launching Executing clean in C__Users_Ujjwal_Desktop_DestinationHashGenerator_DestinationHashGenerator] INFO  o.eclipse.m2e.core.internal.Bundles - 	Entry: D:\KnowIt\Cdac\Java\eclipse-jee-2024-03-R-win32-x86_64\eclipse\plugins\org.eclipse.m2e.maven.runtime_3.9.600.20231203-1234\jars\maven-resolver-api-1.9.18.jar
2024-08-28 10:46:01,224 [Worker-42: Launching Executing clean in C__Users_Ujjwal_Desktop_DestinationHashGenerator_DestinationHashGenerator] INFO  o.eclipse.m2e.core.internal.Bundles - 	Entry: D:\KnowIt\Cdac\Java\eclipse-jee-2024-03-R-win32-x86_64\eclipse\plugins\org.eclipse.m2e.maven.runtime_3.9.600.20231203-1234\jars\maven-resolver-connector-basic-1.9.18.jar
2024-08-28 10:46:01,224 [Worker-42: Launching Executing clean in C__Users_Ujjwal_Desktop_DestinationHashGenerator_DestinationHashGenerator] INFO  o.eclipse.m2e.core.internal.Bundles - 	Entry: D:\KnowIt\Cdac\Java\eclipse-jee-2024-03-R-win32-x86_64\eclipse\plugins\org.eclipse.m2e.maven.runtime_3.9.600.20231203-1234\jars\maven-resolver-impl-1.9.18.jar
2024-08-28 10:46:01,224 [Worker-42: Launching Executing clean in C__Users_Ujjwal_Desktop_DestinationHashGenerator_DestinationHashGenerator] INFO  o.eclipse.m2e.core.internal.Bundles - 	Entry: D:\KnowIt\Cdac\Java\eclipse-jee-2024-03-R-win32-x86_64\eclipse\plugins\org.eclipse.m2e.maven.runtime_3.9.600.20231203-1234\jars\maven-resolver-named-locks-1.9.18.jar
2024-08-28 10:46:01,224 [Worker-42: Launching Executing clean in C__Users_Ujjwal_Desktop_DestinationHashGenerator_DestinationHashGenerator] INFO  o.eclipse.m2e.core.internal.Bundles - 	Entry: D:\KnowIt\Cdac\Java\eclipse-jee-2024-03-R-win32-x86_64\eclipse\plugins\org.eclipse.m2e.maven.runtime_3.9.600.20231203-1234\jars\maven-resolver-provider-3.9.6.jar
2024-08-28 10:46:01,224 [Worker-42: Launching Executing clean in C__Users_Ujjwal_Desktop_DestinationHashGenerator_DestinationHashGenerator] INFO  o.eclipse.m2e.core.internal.Bundles - 	Entry: D:\KnowIt\Cdac\Java\eclipse-jee-2024-03-R-win32-x86_64\eclipse\plugins\org.eclipse.m2e.maven.runtime_3.9.600.20231203-1234\jars\maven-resolver-spi-1.9.18.jar
2024-08-28 10:46:01,224 [Worker-42: Launching Executing clean in C__Users_Ujjwal_Desktop_DestinationHashGenerator_DestinationHashGenerator] INFO  o.eclipse.m2e.core.internal.Bundles - 	Entry: D:\KnowIt\Cdac\Java\eclipse-jee-2024-03-R-win32-x86_64\eclipse\plugins\org.eclipse.m2e.maven.runtime_3.9.600.20231203-1234\jars\maven-resolver-transport-file-1.9.18.jar
2024-08-28 10:46:01,224 [Worker-42: Launching Executing clean in C__Users_Ujjwal_Desktop_DestinationHashGenerator_DestinationHashGenerator] INFO  o.eclipse.m2e.core.internal.Bundles - 	Entry: D:\KnowIt\Cdac\Java\eclipse-jee-2024-03-R-win32-x86_64\eclipse\plugins\org.eclipse.m2e.maven.runtime_3.9.600.20231203-1234\jars\maven-resolver-transport-http-1.9.18.jar
2024-08-28 10:46:01,225 [Worker-42: Launching Executing clean in C__Users_Ujjwal_Desktop_DestinationHashGenerator_DestinationHashGenerator] INFO  o.eclipse.m2e.core.internal.Bundles - 	Entry: D:\KnowIt\Cdac\Java\eclipse-jee-2024-03-R-win32-x86_64\eclipse\plugins\org.eclipse.m2e.maven.runtime_3.9.600.20231203-1234\jars\maven-resolver-transport-wagon-1.9.18.jar
2024-08-28 10:46:01,225 [Worker-42: Launching Executing clean in C__Users_Ujjwal_Desktop_DestinationHashGenerator_DestinationHashGenerator] INFO  o.eclipse.m2e.core.internal.Bundles - 	Entry: D:\KnowIt\Cdac\Java\eclipse-jee-2024-03-R-win32-x86_64\eclipse\plugins\org.eclipse.m2e.maven.runtime_3.9.600.20231203-1234\jars\maven-resolver-util-1.9.18.jar
2024-08-28 10:46:01,225 [Worker-42: Launching Executing clean in C__Users_Ujjwal_Desktop_DestinationHashGenerator_DestinationHashGenerator] INFO  o.eclipse.m2e.core.internal.Bundles - 	Entry: D:\KnowIt\Cdac\Java\eclipse-jee-2024-03-R-win32-x86_64\eclipse\plugins\org.eclipse.m2e.maven.runtime_3.9.600.20231203-1234\jars\maven-settings-3.9.6.jar
2024-08-28 10:46:01,225 [Worker-42: Launching Executing clean in C__Users_Ujjwal_Desktop_DestinationHashGenerator_DestinationHashGenerator] INFO  o.eclipse.m2e.core.internal.Bundles - 	Entry: D:\KnowIt\Cdac\Java\eclipse-jee-2024-03-R-win32-x86_64\eclipse\plugins\org.eclipse.m2e.maven.runtime_3.9.600.20231203-1234\jars\maven-settings-builder-3.9.6.jar
2024-08-28 10:46:01,225 [Worker-42: Launching Executing clean in C__Users_Ujjwal_Desktop_DestinationHashGenerator_DestinationHashGenerator] INFO  o.eclipse.m2e.core.internal.Bundles - 	Entry: D:\KnowIt\Cdac\Java\eclipse-jee-2024-03-R-win32-x86_64\eclipse\plugins\org.eclipse.m2e.maven.runtime_3.9.600.20231203-1234\jars\maven-shared-utils-3.3.4.jar
2024-08-28 10:46:01,225 [Worker-42: Launching Executing clean in C__Users_Ujjwal_Desktop_DestinationHashGenerator_DestinationHashGenerator] INFO  o.eclipse.m2e.core.internal.Bundles - 	Entry: D:\KnowIt\Cdac\Java\eclipse-jee-2024-03-R-win32-x86_64\eclipse\plugins\org.eclipse.m2e.maven.runtime_3.9.600.20231203-1234\jars\org.eclipse.sisu.inject-0.9.0.M2.jar
2024-08-28 10:46:01,225 [Worker-42: Launching Executing clean in C__Users_Ujjwal_Desktop_DestinationHashGenerator_DestinationHashGenerator] INFO  o.eclipse.m2e.core.internal.Bundles - 	Entry: D:\KnowIt\Cdac\Java\eclipse-jee-2024-03-R-win32-x86_64\eclipse\plugins\org.eclipse.m2e.maven.runtime_3.9.600.20231203-1234\jars\org.eclipse.sisu.plexus-0.9.0.M2.jar
2024-08-28 10:46:01,225 [Worker-42: Launching Executing clean in C__Users_Ujjwal_Desktop_DestinationHashGenerator_DestinationHashGenerator] INFO  o.eclipse.m2e.core.internal.Bundles - 	Entry: D:\KnowIt\Cdac\Java\eclipse-jee-2024-03-R-win32-x86_64\eclipse\plugins\org.eclipse.m2e.maven.runtime_3.9.600.20231203-1234\jars\plexus-build-api-0.0.7.jar
2024-08-28 10:46:01,225 [Worker-42: Launching Executing clean in C__Users_Ujjwal_Desktop_DestinationHashGenerator_DestinationHashGenerator] INFO  o.eclipse.m2e.core.internal.Bundles - 	Entry: D:\KnowIt\Cdac\Java\eclipse-jee-2024-03-R-win32-x86_64\eclipse\plugins\org.eclipse.m2e.maven.runtime_3.9.600.20231203-1234\jars\plexus-cipher-2.0.jar
2024-08-28 10:46:01,226 [Worker-42: Launching Executing clean in C__Users_Ujjwal_Desktop_DestinationHashGenerator_DestinationHashGenerator] INFO  o.eclipse.m2e.core.internal.Bundles - 	Entry: D:\KnowIt\Cdac\Java\eclipse-jee-2024-03-R-win32-x86_64\eclipse\plugins\org.eclipse.m2e.maven.runtime_3.9.600.20231203-1234\jars\plexus-classworlds-2.7.0.jar
2024-08-28 10:46:01,226 [Worker-42: Launching Executing clean in C__Users_Ujjwal_Desktop_DestinationHashGenerator_DestinationHashGenerator] INFO  o.eclipse.m2e.core.internal.Bundles - 	Entry: D:\KnowIt\Cdac\Java\eclipse-jee-2024-03-R-win32-x86_64\eclipse\plugins\org.eclipse.m2e.maven.runtime_3.9.600.20231203-1234\jars\plexus-component-annotations-2.1.0.jar
2024-08-28 10:46:01,226 [Worker-42: Launching Executing clean in C__Users_Ujjwal_Desktop_DestinationHashGenerator_DestinationHashGenerator] INFO  o.eclipse.m2e.core.internal.Bundles - 	Entry: D:\KnowIt\Cdac\Java\eclipse-jee-2024-03-R-win32-x86_64\eclipse\plugins\org.eclipse.m2e.maven.runtime_3.9.600.20231203-1234\jars\plexus-interpolation-1.26.jar
2024-08-28 10:46:01,226 [Worker-42: Launching Executing clean in C__Users_Ujjwal_Desktop_DestinationHashGenerator_DestinationHashGenerator] INFO  o.eclipse.m2e.core.internal.Bundles - 	Entry: D:\KnowIt\Cdac\Java\eclipse-jee-2024-03-R-win32-x86_64\eclipse\plugins\org.eclipse.m2e.maven.runtime_3.9.600.20231203-1234\jars\plexus-sec-dispatcher-2.0.jar
2024-08-28 10:46:01,226 [Worker-42: Launching Executing clean in C__Users_Ujjwal_Desktop_DestinationHashGenerator_DestinationHashGenerator] INFO  o.eclipse.m2e.core.internal.Bundles - 	Entry: D:\KnowIt\Cdac\Java\eclipse-jee-2024-03-R-win32-x86_64\eclipse\plugins\org.eclipse.m2e.maven.runtime_3.9.600.20231203-1234\jars\plexus-utils-3.5.1.jar
2024-08-28 10:46:01,226 [Worker-42: Launching Executing clean in C__Users_Ujjwal_Desktop_DestinationHashGenerator_DestinationHashGenerator] INFO  o.eclipse.m2e.core.internal.Bundles - 	Entry: D:\KnowIt\Cdac\Java\eclipse-jee-2024-03-R-win32-x86_64\eclipse\plugins\org.eclipse.m2e.maven.runtime_3.9.600.20231203-1234\jars\wagon-file-3.5.3.jar
2024-08-28 10:46:01,226 [Worker-42: Launching Executing clean in C__Users_Ujjwal_Desktop_DestinationHashGenerator_DestinationHashGenerator] INFO  o.eclipse.m2e.core.internal.Bundles - 	Entry: D:\KnowIt\Cdac\Java\eclipse-jee-2024-03-R-win32-x86_64\eclipse\plugins\org.eclipse.m2e.maven.runtime_3.9.600.20231203-1234\jars\wagon-http-3.5.3.jar
2024-08-28 10:46:01,227 [Worker-42: Launching Executing clean in C__Users_Ujjwal_Desktop_DestinationHashGenerator_DestinationHashGenerator] INFO  o.eclipse.m2e.core.internal.Bundles - 	Entry: D:\KnowIt\Cdac\Java\eclipse-jee-2024-03-R-win32-x86_64\eclipse\plugins\org.eclipse.m2e.maven.runtime_3.9.600.20231203-1234\jars\wagon-http-shared-3.5.3.jar
2024-08-28 10:46:01,227 [Worker-42: Launching Executing clean in C__Users_Ujjwal_Desktop_DestinationHashGenerator_DestinationHashGenerator] INFO  o.eclipse.m2e.core.internal.Bundles - 	Entry: D:\KnowIt\Cdac\Java\eclipse-jee-2024-03-R-win32-x86_64\eclipse\plugins\org.eclipse.m2e.maven.runtime_3.9.600.20231203-1234\jars\wagon-provider-api-3.5.3.jar
2024-08-28 10:46:01,228 [Worker-42: Launching Executing clean in C__Users_Ujjwal_Desktop_DestinationHashGenerator_DestinationHashGenerator] INFO  o.eclipse.m2e.core.internal.Bundles - getClasspathEntries(Bundle=com.google.guava_33.0.0.jre [14])
2024-08-28 10:46:01,229 [Worker-42: Launching Executing clean in C__Users_Ujjwal_Desktop_DestinationHashGenerator_DestinationHashGenerator] INFO  o.eclipse.m2e.core.internal.Bundles - 	Entry: D:\KnowIt\Cdac\Java\eclipse-jee-2024-03-R-win32-x86_64\eclipse\plugins\com.google.guava_33.0.0.jre.jar
2024-08-28 10:46:01,229 [Worker-42: Launching Executing clean in C__Users_Ujjwal_Desktop_DestinationHashGenerator_DestinationHashGenerator] INFO  o.eclipse.m2e.core.internal.Bundles - getClasspathEntries(Bundle=slf4j.api_2.0.12 [1001])
2024-08-28 10:46:01,230 [Worker-42: Launching Executing clean in C__Users_Ujjwal_Desktop_DestinationHashGenerator_DestinationHashGenerator] INFO  o.eclipse.m2e.core.internal.Bundles - 	Entry: D:\KnowIt\Cdac\Java\eclipse-jee-2024-03-R-win32-x86_64\eclipse\plugins\slf4j.api_2.0.12.jar
2024-08-28 10:46:01,230 [Worker-42: Launching Executing clean in C__Users_Ujjwal_Desktop_DestinationHashGenerator_DestinationHashGenerator] INFO  o.eclipse.m2e.core.internal.Bundles - getClasspathEntries(Bundle=jakarta.inject.jakarta.inject-api_1.0.5 [32])
2024-08-28 10:46:01,231 [Worker-42: Launching Executing clean in C__Users_Ujjwal_Desktop_DestinationHashGenerator_DestinationHashGenerator] INFO  o.eclipse.m2e.core.internal.Bundles - 	Entry: D:\KnowIt\Cdac\Java\eclipse-jee-2024-03-R-win32-x86_64\eclipse\plugins\jakarta.inject.jakarta.inject-api_1.0.5.jar
2024-08-28 10:46:01,231 [Worker-42: Launching Executing clean in C__Users_Ujjwal_Desktop_DestinationHashGenerator_DestinationHashGenerator] INFO  o.eclipse.m2e.core.internal.Bundles - getClasspathEntries(Bundle=jakarta.annotation-api_1.3.5 [27])
2024-08-28 10:46:01,232 [Worker-42: Launching Executing clean in C__Users_Ujjwal_Desktop_DestinationHashGenerator_DestinationHashGenerator] INFO  o.eclipse.m2e.core.internal.Bundles - 	Entry: D:\KnowIt\Cdac\Java\eclipse-jee-2024-03-R-win32-x86_64\eclipse\plugins\jakarta.annotation-api_1.3.5.jar
2024-08-28 10:46:01,232 [Worker-42: Launching Executing clean in C__Users_Ujjwal_Desktop_DestinationHashGenerator_DestinationHashGenerator] INFO  o.eclipse.m2e.core.internal.Bundles - getClasspathEntries(Bundle=org.apache.commons.cli_1.6.0 [75])
2024-08-28 10:46:01,233 [Worker-42: Launching Executing clean in C__Users_Ujjwal_Desktop_DestinationHashGenerator_DestinationHashGenerator] INFO  o.eclipse.m2e.core.internal.Bundles - 	Entry: D:\KnowIt\Cdac\Java\eclipse-jee-2024-03-R-win32-x86_64\eclipse\plugins\org.apache.commons.cli_1.6.0.jar
2024-08-28 10:46:01,234 [Worker-42: Launching Executing clean in C__Users_Ujjwal_Desktop_DestinationHashGenerator_DestinationHashGenerator] INFO  o.eclipse.m2e.core.internal.Bundles - getClasspathEntries(Bundle=org.apache.commons.commons-codec_1.16.0 [78])
2024-08-28 10:46:01,234 [Worker-42: Launching Executing clean in C__Users_Ujjwal_Desktop_DestinationHashGenerator_DestinationHashGenerator] INFO  o.eclipse.m2e.core.internal.Bundles - 	Entry: D:\KnowIt\Cdac\Java\eclipse-jee-2024-03-R-win32-x86_64\eclipse\plugins\org.apache.commons.commons-codec_1.16.0.jar
2024-08-28 10:46:01,234 [Worker-42: Launching Executing clean in C__Users_Ujjwal_Desktop_DestinationHashGenerator_DestinationHashGenerator] INFO  o.eclipse.m2e.core.internal.Bundles - getClasspathEntries(Bundle=org.apache.commons.lang3_3.14.0 [86])
2024-08-28 10:46:01,235 [Worker-42: Launching Executing clean in C__Users_Ujjwal_Desktop_DestinationHashGenerator_DestinationHashGenerator] INFO  o.eclipse.m2e.core.internal.Bundles - 	Entry: D:\KnowIt\Cdac\Java\eclipse-jee-2024-03-R-win32-x86_64\eclipse\plugins\org.apache.commons.lang3_3.14.0.jar
2024-08-28 10:46:01,235 [Worker-42: Launching Executing clean in C__Users_Ujjwal_Desktop_DestinationHashGenerator_DestinationHashGenerator] INFO  o.eclipse.m2e.core.internal.Bundles - getClasspathEntries(Bundle=com.google.guava.failureaccess_1.0.2 [15])
2024-08-28 10:46:01,235 [Worker-42: Launching Executing clean in C__Users_Ujjwal_Desktop_DestinationHashGenerator_DestinationHashGenerator] INFO  o.eclipse.m2e.core.internal.Bundles - 	Entry: D:\KnowIt\Cdac\Java\eclipse-jee-2024-03-R-win32-x86_64\eclipse\plugins\com.google.guava.failureaccess_1.0.2.jar
2024-08-28 10:46:01,242 [Worker-42: Launching Executing clean in C__Users_Ujjwal_Desktop_DestinationHashGenerator_DestinationHashGenerator] INFO  o.e.m.i.launch.MavenLaunchDelegate - Run build in "C:\Users\Ujjwal\Desktop\DestinationHashGenerator\DestinationHashGenerator":
2024-08-28 10:46:01,243 [Worker-42: Launching Executing clean in C__Users_Ujjwal_Desktop_DestinationHashGenerator_DestinationHashGenerator] INFO  o.e.m.i.launch.MavenLaunchDelegate -  mvn  -B -Dstyle.color=always clean
2024-08-28 10:46:06,030 [Worker-41: Building] WARN  o.a.m.s.f.DefaultMavenResourcesFiltering - Using platform encoding (Cp1252 actually) to copy filtered resources, i.e. build is platform dependent!
2024-08-28 10:46:06,032 [Worker-41: Building] INFO  o.a.m.s.f.DefaultMavenResourcesFiltering - skip non existing resourceDirectory C:\Users\Ujjwal\Desktop\DestinationHashGenerator\DestinationHashGenerator\src\main\resources
2024-08-28 10:46:06,039 [Worker-41: Building] WARN  o.a.m.s.f.DefaultMavenResourcesFiltering - Using platform encoding (Cp1252 actually) to copy filtered resources, i.e. build is platform dependent!
2024-08-28 10:46:06,042 [Worker-41: Building] INFO  o.a.m.s.f.DefaultMavenResourcesFiltering - skip non existing resourceDirectory C:\Users\Ujjwal\Desktop\DestinationHashGenerator\DestinationHashGenerator\src\test\resources
2024-08-28 10:47:09,505 [Worker-41: Building] INFO  o.e.m.c.i.l.LifecycleMappingFactory - Using org.eclipse.m2e.jdt.JarLifecycleMapping lifecycle mapping for MavenProject: DestinationHashGenerator:DestinationHashGenerator:0.0.1-SNAPSHOT @ C:\Users\Ujjwal\Desktop\DestinationHashGenerator\DestinationHashGenerator\pom.xml.
2024-08-28 10:47:09,624 [Worker-41: Building] WARN  o.a.m.s.f.DefaultMavenResourcesFiltering - Using platform encoding (Cp1252 actually) to copy filtered resources, i.e. build is platform dependent!
2024-08-28 10:47:09,625 [Worker-41: Building] INFO  o.a.m.s.f.DefaultMavenResourcesFiltering - skip non existing resourceDirectory C:\Users\Ujjwal\Desktop\DestinationHashGenerator\DestinationHashGenerator\src\main\resources
2024-08-28 10:47:09,628 [Worker-41: Building] WARN  o.a.m.s.f.DefaultMavenResourcesFiltering - Using platform encoding (Cp1252 actually) to copy filtered resources, i.e. build is platform dependent!
2024-08-28 10:47:09,629 [Worker-41: Building] INFO  o.a.m.s.f.DefaultMavenResourcesFiltering - skip non existing resourceDirectory C:\Users\Ujjwal\Desktop\DestinationHashGenerator\DestinationHashGenerator\src\test\resources
2024-08-28 10:47:09,831 [Worker-36: Updating Maven Project] INFO  o.e.m.c.i.p.ProjectConfigurationManager - Update started
2024-08-28 10:47:10,127 [Worker-36: Updating Maven Project] INFO  o.e.m.c.i.l.LifecycleMappingFactory - Using org.eclipse.m2e.jdt.JarLifecycleMapping lifecycle mapping for MavenProject: DestinationHashGenerator:DestinationHashGenerator:0.0.1-SNAPSHOT @ C:\Users\Ujjwal\Desktop\DestinationHashGenerator\DestinationHashGenerator\pom.xml.
2024-08-28 10:47:10,249 [Worker-36: Updating Maven Project] INFO  o.e.m.j.i.AbstractJavaProjectConfigurator - Adding source folder /DestinationHashGenerator/src
2024-08-28 10:47:10,249 [Worker-36: Updating Maven Project] INFO  o.e.m.j.i.AbstractJavaProjectConfigurator - Resources folder /DestinationHashGenerator/src/main/resources overlaps with sources folder /DestinationHashGenerator/src
2024-08-28 10:47:10,250 [Worker-36: Updating Maven Project] INFO  o.e.m.j.i.AbstractJavaProjectConfigurator - Not adding source folder /DestinationHashGenerator/src/test/java because it overlaps with /DestinationHashGenerator/src
2024-08-28 10:47:10,251 [Worker-36: Updating Maven Project] INFO  o.e.m.j.i.AbstractJavaProjectConfigurator - Resources folder /DestinationHashGenerator/src/test/resources overlaps with sources folder /DestinationHashGenerator/src
2024-08-28 10:47:10,316 [Worker-36: Updating Maven Project] INFO  o.e.m.c.i.p.ProjectConfigurationManager - Update completed for 1 poms: local refresh takes 0.00 sec, refresh facades takes 0.00 sec, update config takes 0.00 sec 
2024-08-28 10:47:10,869 [Worker-43: Building] WARN  o.a.m.s.f.DefaultMavenResourcesFiltering - Using platform encoding (Cp1252 actually) to copy filtered resources, i.e. build is platform dependent!
2024-08-28 10:47:10,870 [Worker-43: Building] INFO  o.a.m.s.f.DefaultMavenResourcesFiltering - skip non existing resourceDirectory C:\Users\Ujjwal\Desktop\DestinationHashGenerator\DestinationHashGenerator\src\main\resources
2024-08-28 10:47:10,873 [Worker-43: Building] WARN  o.a.m.s.f.DefaultMavenResourcesFiltering - Using platform encoding (Cp1252 actually) to copy filtered resources, i.e. build is platform dependent!
2024-08-28 10:47:10,875 [Worker-43: Building] INFO  o.a.m.s.f.DefaultMavenResourcesFiltering - skip non existing resourceDirectory C:\Users\Ujjwal\Desktop\DestinationHashGenerator\DestinationHashGenerator\src\test\resources
2024-08-28 10:52:49,674 [Worker-3: Loading available Gradle versions] INFO  o.e.b.c.i.u.g.PublishedGradleVersions - Gradle version information cache is up-to-date. Trying to read.
2024-08-28 10:54:42,404 [Worker-15: Building] WARN  o.a.m.s.f.DefaultMavenResourcesFiltering - Using platform encoding (Cp1252 actually) to copy filtered resources, i.e. build is platform dependent!
2024-08-28 10:54:42,405 [Worker-15: Building] INFO  o.a.m.s.f.DefaultMavenResourcesFiltering - skip non existing resourceDirectory C:\Users\Ujjwal\Desktop\DestinationHashGenerator\DestinationHashGenerator\src\main\resources
2024-08-28 10:54:42,411 [Worker-15: Building] WARN  o.a.m.s.f.DefaultMavenResourcesFiltering - Using platform encoding (Cp1252 actually) to copy filtered resources, i.e. build is platform dependent!
2024-08-28 10:54:42,412 [Worker-15: Building] INFO  o.a.m.s.f.DefaultMavenResourcesFiltering - skip non existing resourceDirectory C:\Users\Ujjwal\Desktop\DestinationHashGenerator\DestinationHashGenerator\src\test\resources
